<?xml version="1.0" encoding="UTF-8"?>
<!-- Generated by org.testng.reporters.JUnitReportReporter -->
<testsuite hostname="MUMNEWLAPTOP429" failures="0" tests="2" name="Testss.LoginTest" time="9.364" errors="0" timestamp="2025-05-14T10:48:08 IST" skipped="0">
  <testcase classname="Testss.LoginTest" name="validLoginTest" time="4.310"/>
  <testcase classname="Testss.LoginTest" name="invalidLoginTest" time="5.054"/>
</testsuite> <!-- Testss.LoginTest -->
