<?xml version="1.0" encoding="UTF-8"?>
<!-- Generated by org.testng.reporters.JUnitReportReporter -->
<testsuite hostname="MUMNEWLAPTOP429" failures="0" tests="1" name="Testss.CheckOutTest" time="10.120" errors="0" timestamp="2025-05-14T10:52:29 IST" skipped="0">
  <testcase classname="Testss.CheckOutTest" name="completecheckoutflow" time="10.120"/>
</testsuite> <!-- Testss.CheckOutTest -->
